GateMate (c) Place and Route
Version 4.2 (1 May 2024)
All Rights Reserved (c) Cologne Chip AG

Command line Options:
       h:  False
       i: net/sd_dac_top_synth.v
       o: sd_dac_top
     mXA:   True
     mMA:   True
    Cinp:  False
   Coutp:  False
     cdf:   True
     pin:   True
     plc:   True
       s:   True
     cCP:  False
     gCP:  False
      AF:   True
      dC:   True
    uCIO:  False
      pB:       
      sp:  False
     crf:  False
       v:  False
      Gs:      0
      om:      3
      sf:    0.8
      dl:   True
      df:   True
   m_spi:      0
      pr:   True
     cgb:  False
    cgbc:  False
     cgo:      0
      tm:      3
      tp:      0
   s_spi:      0
     ics:  False
     lib:   ccag
     ccf: sd_dac_top.ccf

X_CONVERT Netlist Converter

Library Mode used: CCAG_GateMate
....................
FATAL ERROR: (105628): Component CC_MULT has no port name: A

105636 Lines read
FATAL ERROR: (105628): Problem Parsing Input Line
program finished with exit code: 10
